<?xml version="1.0" encoding="UTF-8"?>
<!-- Generated by org.testng.reporters.JUnitReportReporter -->
<testsuite hostname="MAVBCP2422" failures="0" tests="1" name="StepDefinitions.ParallelTest" time="8.190" errors="0" timestamp="2021-07-04T22:36:14 IST" skipped="0">
  <testcase classname="StepDefinitions.ParallelTest" name="data" time="8.190"/>
  <system-out/>
</testsuite> <!-- StepDefinitions.ParallelTest -->
